g:\dokumenty\! studia\sem 4\gk\! game\gkiw_lab3\debug\gkiw_lab3.pch
g:\dokumenty\! studia\sem 4\gk\! game\gkiw_lab3\debug\vc140.pdb
g:\dokumenty\! studia\sem 4\gk\! game\gkiw_lab3\debug\vc140.idb
g:\dokumenty\! studia\sem 4\gk\! game\gkiw_lab3\debug\stdafx.obj
g:\dokumenty\! studia\sem 4\gk\! game\gkiw_lab3\debug\gkiw_lab3.obj
g:\dokumenty\! studia\sem 4\gk\! game\gkiw_lab3\debug\gameobject.obj
g:\dokumenty\! studia\sem 4\gk\! game\gkiw_lab3\debug\model.obj
g:\dokumenty\! studia\sem 4\gk\! game\gkiw_lab3\debug\player.obj
g:\dokumenty\! studia\sem 4\gk\! game\gkiw_lab3\debug\texture.obj
g:\dokumenty\! studia\sem 4\gk\! game\gkiw_lab3\debug\vec3.obj
g:\dokumenty\! studia\sem 4\gk\! game\debug\gkiw_lab3.pdb
g:\dokumenty\! studia\sem 4\gk\! game\gkiw_lab3\debug\gkiw_lab3.tlog\cl.command.1.tlog
g:\dokumenty\! studia\sem 4\gk\! game\gkiw_lab3\debug\gkiw_lab3.tlog\cl.read.1.tlog
g:\dokumenty\! studia\sem 4\gk\! game\gkiw_lab3\debug\gkiw_lab3.tlog\cl.write.1.tlog
g:\dokumenty\! studia\sem 4\gk\! game\gkiw_lab3\debug\gkiw_lab3.tlog\link-cvtres.read.1.tlog
g:\dokumenty\! studia\sem 4\gk\! game\gkiw_lab3\debug\gkiw_lab3.tlog\link-cvtres.write.1.tlog
g:\dokumenty\! studia\sem 4\gk\! game\gkiw_lab3\debug\gkiw_lab3.tlog\link-rc.read.1.tlog
g:\dokumenty\! studia\sem 4\gk\! game\gkiw_lab3\debug\gkiw_lab3.tlog\link-rc.write.1.tlog
g:\dokumenty\! studia\sem 4\gk\! game\gkiw_lab3\debug\gkiw_lab3.tlog\link.command.1.tlog
g:\dokumenty\! studia\sem 4\gk\! game\gkiw_lab3\debug\gkiw_lab3.tlog\link.read.1.tlog
g:\dokumenty\! studia\sem 4\gk\! game\gkiw_lab3\debug\gkiw_lab3.tlog\link.write.1.tlog
