  GKiW_Lab3.cpp
g:\dokumenty\! studia\sem 4\gk\! game\gkiw_lab3\player.h(31): warning C4305: 'initializing': truncation from 'double' to 'const float'
g:\dokumenty\! studia\sem 4\gk\! game\gkiw_lab3\player.h(39): warning C4305: 'initializing': truncation from 'double' to 'const float'
g:\dokumenty\! studia\sem 4\gk\! game\gkiw_lab3\player.h(40): warning C4305: 'initializing': truncation from 'double' to 'const float'
g:\dokumenty\! studia\sem 4\gk\! game\gkiw_lab3\gkiw_lab3.cpp(20): warning C4305: 'argument': truncation from 'double' to 'float'
g:\dokumenty\! studia\sem 4\gk\! game\gkiw_lab3\gkiw_lab3.cpp(21): warning C4305: 'argument': truncation from 'double' to 'float'
g:\dokumenty\! studia\sem 4\gk\! game\gkiw_lab3\gkiw_lab3.cpp(160): warning C4996: 'strcpy': This function or variable may be unsafe. Consider using strcpy_s instead. To disable deprecation, use _CRT_SECURE_NO_WARNINGS. See online help for details.
  c:\program files (x86)\windows kits\10\include\10.0.10240.0\ucrt\string.h(119): note: see declaration of 'strcpy'
g:\dokumenty\! studia\sem 4\gk\! game\gkiw_lab3\gkiw_lab3.cpp(161): warning C4996: 'strcat': This function or variable may be unsafe. Consider using strcat_s instead. To disable deprecation, use _CRT_SECURE_NO_WARNINGS. See online help for details.
  c:\program files (x86)\windows kits\10\include\10.0.10240.0\ucrt\string.h(90): note: see declaration of 'strcat'
g:\dokumenty\! studia\sem 4\gk\! game\gkiw_lab3\gkiw_lab3.cpp(162): warning C4996: 'strcat': This function or variable may be unsafe. Consider using strcat_s instead. To disable deprecation, use _CRT_SECURE_NO_WARNINGS. See online help for details.
  c:\program files (x86)\windows kits\10\include\10.0.10240.0\ucrt\string.h(90): note: see declaration of 'strcat'
g:\dokumenty\! studia\sem 4\gk\! game\gkiw_lab3\gkiw_lab3.cpp(312): warning C4305: '/=': truncation from 'double' to 'float'
g:\dokumenty\! studia\sem 4\gk\! game\gkiw_lab3\gkiw_lab3.cpp(313): warning C4305: '/=': truncation from 'double' to 'float'
g:\dokumenty\! studia\sem 4\gk\! game\gkiw_lab3\gkiw_lab3.cpp(461): warning C4244: 'argument': conversion from 'int' to 'float', possible loss of data
g:\dokumenty\! studia\sem 4\gk\! game\gkiw_lab3\gkiw_lab3.cpp(480): warning C4305: 'argument': truncation from 'double' to 'float'
g:\dokumenty\! studia\sem 4\gk\! game\gkiw_lab3\gkiw_lab3.cpp(483): warning C4305: 'argument': truncation from 'double' to 'float'
g:\dokumenty\! studia\sem 4\gk\! game\gkiw_lab3\gkiw_lab3.cpp(486): warning C4244: 'argument': conversion from 'float' to 'unsigned int', possible loss of data
g:\dokumenty\! studia\sem 4\gk\! game\gkiw_lab3\gkiw_lab3.cpp(486): warning C4305: 'argument': truncation from 'double' to 'float'
g:\dokumenty\! studia\sem 4\gk\! game\gkiw_lab3\gkiw_lab3.cpp(487): warning C4244: 'argument': conversion from 'float' to 'unsigned int', possible loss of data
GKiW_Lab3.obj : warning LNK4075: ignoring '/EDITANDCONTINUE' due to '/OPT:LBR' specification
  GKiW_Lab3.vcxproj -> G:\dokumenty\! studia\Sem 4\gk\! GAME\Debug\GKiW_Lab3.exe
  GKiW_Lab3.vcxproj -> G:\dokumenty\! studia\Sem 4\gk\! GAME\Debug\GKiW_Lab3.pdb (Full PDB)
  G:\dokumenty\! studia\Sem 4\gk\! GAME\freeglut\bin\freeglut.dll
          1 file(s) copied.
